# JRE version: OpenJDK Runtime Environment OpenLogic-OpenJDK (17.0.11+9) (build 17.0.11+9-adhoc..jdk17u)
# Java VM: OpenJDK 64-Bit Server VM OpenLogic-OpenJDK (17.0.11+9-adhoc..jdk17u, mixed mode, sharing, tiered, compressed oops, compressed class ptrs, g1 gc, windows-amd64)
GC Precious Log:
 CPUs: 8 total, 8 available
 Memory: 7967M
 Large Page Support: Disabled
 NUMA Support: Disabled
 Compressed Oops: Enabled (32-bit)
 Heap Region Size: 1M
 Heap Min Capacity: 8M
 Heap Initial Capacity: 126M
 Heap Max Capacity: 1992M
 Pre-touch: Disabled
 Parallel Workers: 8
 Concurrent Workers: 2
 Concurrent Refinement Workers: 8
 Periodic GC: Disabled
Heap:
 garbage-first heap   total 61440K, used 32357K [0x0000000083800000, 0x0000000100000000)
  region size 1024K, 6 young (6144K), 3 survivors (3072K)
 Metaspace       used 52645K, committed 53184K, reserved 1114112K
  class space    used 6930K, committed 7168K, reserved 1048576K
GC Heap History (20 events):
Event: 15.703 GC heap before
{Heap before GC invocations=8 (full 0):
 garbage-first heap   total 51200K, used 36391K [0x0000000083800000, 0x0000000100000000)
  region size 1024K, 20 young (20480K), 3 survivors (3072K)
 Metaspace       used 30946K, committed 31296K, reserved 1114112K
  class space    used 3892K, committed 4096K, reserved 1048576K
}
Event: 15.711 GC heap after
{Heap after GC invocations=9 (full 0):
 garbage-first heap   total 51200K, used 20405K [0x0000000083800000, 0x0000000100000000)
  region size 1024K, 2 young (2048K), 2 survivors (2048K)
 Metaspace       used 30946K, committed 31296K, reserved 1114112K
  class space    used 3892K, committed 4096K, reserved 1048576K
}
Event: 16.801 GC heap before
{Heap before GC invocations=9 (full 0):
 garbage-first heap   total 51200K, used 37813K [0x0000000083800000, 0x0000000100000000)
  region size 1024K, 19 young (19456K), 2 survivors (2048K)
 Metaspace       used 32510K, committed 32896K, reserved 1114112K
  class space    used 4120K, committed 4352K, reserved 1048576K
}
Event: 16.806 GC heap after
{Heap after GC invocations=10 (full 0):
 garbage-first heap   total 51200K, used 21802K [0x0000000083800000, 0x0000000100000000)
  region size 1024K, 3 young (3072K), 3 survivors (3072K)
 Metaspace       used 32510K, committed 32896K, reserved 1114112K
  class space    used 4120K, committed 4352K, reserved 1048576K
}
Event: 17.948 GC heap before
{Heap before GC invocations=10 (full 0):
 garbage-first heap   total 51200K, used 38186K [0x0000000083800000, 0x0000000100000000)
  region size 1024K, 20 young (20480K), 3 survivors (3072K)
 Metaspace       used 34196K, committed 34624K, reserved 1114112K
  class space    used 4334K, committed 4544K, reserved 1048576K
}
Event: 17.954 GC heap after
{Heap after GC invocations=11 (full 0):
 garbage-first heap   total 51200K, used 22839K [0x0000000083800000, 0x0000000100000000)
  region size 1024K, 3 young (3072K), 3 survivors (3072K)
 Metaspace       used 34196K, committed 34624K, reserved 1114112K
  class space    used 4334K, committed 4544K, reserved 1048576K
}
Event: 19.132 GC heap before
{Heap before GC invocations=11 (full 0):
 garbage-first heap   total 51200K, used 36151K [0x0000000083800000, 0x0000000100000000)
  region size 1024K, 17 young (17408K), 3 survivors (3072K)
 Metaspace       used 35614K, committed 35968K, reserved 1114112K
  class space    used 4550K, committed 4736K, reserved 1048576K
}
Event: 19.141 GC heap after
{Heap after GC invocations=12 (full 0):
 garbage-first heap   total 51200K, used 23735K [0x0000000083800000, 0x0000000100000000)
  region size 1024K, 2 young (2048K), 2 survivors (2048K)
 Metaspace       used 35614K, committed 35968K, reserved 1114112K
  class space    used 4550K, committed 4736K, reserved 1048576K
}
Event: 20.926 GC heap before
{Heap before GC invocations=13 (full 0):
 garbage-first heap   total 51200K, used 40119K [0x0000000083800000, 0x0000000100000000)
  region size 1024K, 18 young (18432K), 2 survivors (2048K)
 Metaspace       used 37925K, committed 38336K, reserved 1114112K
  class space    used 4904K, committed 5120K, reserved 1048576K
}
Event: 20.936 GC heap after
{Heap after GC invocations=14 (full 0):
 garbage-first heap   total 51200K, used 25339K [0x0000000083800000, 0x0000000100000000)
  region size 1024K, 3 young (3072K), 3 survivors (3072K)
 Metaspace       used 37925K, committed 38336K, reserved 1114112K
  class space    used 4904K, committed 5120K, reserved 1048576K
}
Event: 21.035 GC heap before
{Heap before GC invocations=14 (full 0):
 garbage-first heap   total 51200K, used 25339K [0x0000000083800000, 0x0000000100000000)
  region size 1024K, 4 young (4096K), 3 survivors (3072K)
 Metaspace       used 38043K, committed 38528K, reserved 1114112K
  class space    used 4926K, committed 5120K, reserved 1048576K
}
Event: 21.041 GC heap after
{Heap after GC invocations=15 (full 0):
 garbage-first heap   total 51200K, used 24941K [0x0000000083800000, 0x0000000100000000)
  region size 1024K, 1 young (1024K), 1 survivors (1024K)
 Metaspace       used 38043K, committed 38528K, reserved 1114112K
  class space    used 4926K, committed 5120K, reserved 1048576K
}
Event: 26.925 GC heap before
{Heap before GC invocations=15 (full 0):
 garbage-first heap   total 51200K, used 39277K [0x0000000083800000, 0x0000000100000000)
  region size 1024K, 16 young (16384K), 1 survivors (1024K)
 Metaspace       used 40653K, committed 41152K, reserved 1114112K
  class space    used 5259K, committed 5504K, reserved 1048576K
}
Event: 26.930 GC heap after
{Heap after GC invocations=16 (full 0):
 garbage-first heap   total 61440K, used 26181K [0x0000000083800000, 0x0000000100000000)
  region size 1024K, 2 young (2048K), 2 survivors (2048K)
 Metaspace       used 40653K, committed 41152K, reserved 1114112K
  class space    used 5259K, committed 5504K, reserved 1048576K
}
Event: 30.683 GC heap before
{Heap before GC invocations=17 (full 0):
 garbage-first heap   total 61440K, used 47685K [0x0000000083800000, 0x0000000100000000)
  region size 1024K, 23 young (23552K), 2 survivors (2048K)
 Metaspace       used 42423K, committed 42944K, reserved 1114112K
  class space    used 5497K, committed 5760K, reserved 1048576K
}
Event: 30.694 GC heap after
{Heap after GC invocations=18 (full 0):
 garbage-first heap   total 61440K, used 27709K [0x0000000083800000, 0x0000000100000000)
  region size 1024K, 2 young (2048K), 2 survivors (2048K)
 Metaspace       used 42423K, committed 42944K, reserved 1114112K
  class space    used 5497K, committed 5760K, reserved 1048576K
}
Event: 39.189 GC heap before
{Heap before GC invocations=18 (full 0):
 garbage-first heap   total 61440K, used 47165K [0x0000000083800000, 0x0000000100000000)
  region size 1024K, 22 young (22528K), 2 survivors (2048K)
 Metaspace       used 46604K, committed 47168K, reserved 1114112K
  class space    used 6133K, committed 6400K, reserved 1048576K
}
Event: 39.198 GC heap after
{Heap after GC invocations=19 (full 0):
 garbage-first heap   total 61440K, used 28709K [0x0000000083800000, 0x0000000100000000)
  region size 1024K, 3 young (3072K), 3 survivors (3072K)
 Metaspace       used 46604K, committed 47168K, reserved 1114112K
  class space    used 6133K, committed 6400K, reserved 1048576K
}
Event: 52.451 GC heap before
{Heap before GC invocations=19 (full 0):
 garbage-first heap   total 61440K, used 48165K [0x0000000083800000, 0x0000000100000000)
  region size 1024K, 23 young (23552K), 3 survivors (3072K)
 Metaspace       used 52103K, committed 52608K, reserved 1114112K
  class space    used 6838K, committed 7040K, reserved 1048576K
}
Event: 52.475 GC heap after
{Heap after GC invocations=20 (full 0):
 garbage-first heap   total 61440K, used 30309K [0x0000000083800000, 0x0000000100000000)
  region size 1024K, 3 young (3072K), 3 survivors (3072K)
 Metaspace       used 52103K, committed 52608K, reserved 1114112K
  class space    used 6838K, committed 7040K, reserved 1048576K
}

